<?xml version="1.0" encoding="UTF-8"?>
<testng-results ignored="0" total="1" passed="1" failed="0" skipped="0">
  <reporter-output>
  </reporter-output>
  <suite started-at="2023-09-27T17:06:30 EDT" name="Default suite" finished-at="2023-09-27T17:06:42 EDT" duration-ms="11905">
    <groups>
    </groups>
    <test started-at="2023-09-27T17:06:30 EDT" name="Default test" finished-at="2023-09-27T17:06:42 EDT" duration-ms="11905">
      <class name="dineshpackageinterview.Handlepagenewmethod">
        <test-method signature="pagehandle()[pri:0, instance:dineshpackageinterview.Handlepagenewmethod@4145bad8]" started-at="2023-09-27T17:06:30 EDT" name="pagehandle" finished-at="2023-09-27T17:06:42 EDT" duration-ms="11832" status="PASS">
          <reporter-output>
          </reporter-output>
        </test-method> <!-- pagehandle -->
      </class> <!-- dineshpackageinterview.Handlepagenewmethod -->
    </test> <!-- Default test -->
  </suite> <!-- Default suite -->
</testng-results>
